<?xml version="1.0" encoding="UTF-8"?>
<!-- Generated by org.testng.reporters.JUnitXMLReporter -->
<testsuite hostname="WINDOWS-KEN7H9H" ignored="0" name="Chrome" tests="1" failures="1" timestamp="20 Nov 2018 13:34:02 GMT" time="7.887" errors="0">
  <testcase name="validate_Input_Fields_And_Surrounding_Elements" time="3.372" classname="tests.github.LoginPage">
    <failure type="java.lang.RuntimeException" message="java.lang.IllegalArgumentException: Illegal base64 character 7b">
      <![CDATA[java.lang.RuntimeException: java.lang.IllegalArgumentException: Illegal base64 character 7b
at in.Visual.verify(Visual.java:74)
at tests.github.LoginPage.validate_Input_Fields_And_Surrounding_Elements(LoginPage.java:12)
at java.util.concurrent.FutureTask.run(FutureTask.java:266)
at java.util.concurrent.ThreadPoolExecutor.runWorker(ThreadPoolExecutor.java:1149)
at java.util.concurrent.ThreadPoolExecutor$Worker.run(ThreadPoolExecutor.java:624)
at java.lang.Thread.run(Thread.java:748)
Caused by: java.lang.IllegalArgumentException: Illegal base64 character 7b
at java.util.Base64$Decoder.decode0(Base64.java:714)
at java.util.Base64$Decoder.decode(Base64.java:526)
at java.util.Base64$Decoder.decode(Base64.java:549)
at in.Visual.verify(Visual.java:44)
... 21 more
... Removed 16 stack frames]]>
    </failure>
  </testcase> <!-- validate_Input_Fields_And_Surrounding_Elements -->
</testsuite> <!-- Chrome -->
