-------------------------------------------------------------------------------
Test set: TestSuite
-------------------------------------------------------------------------------
Tests run: 1, Failures: 1, Errors: 0, Skipped: 0, Time elapsed: 8.753 s <<< FAILURE! - in TestSuite
validate_Input_Fields_And_Surrounding_Elements(tests.github.LoginPage)  Time elapsed: 3.384 s  <<< FAILURE!
java.lang.RuntimeException: java.lang.IllegalArgumentException: Illegal base64 character 7b
	at tests.github.LoginPage.validate_Input_Fields_And_Surrounding_Elements(LoginPage.java:12)
Caused by: java.lang.IllegalArgumentException: Illegal base64 character 7b
	at tests.github.LoginPage.validate_Input_Fields_And_Surrounding_Elements(LoginPage.java:12)

